2024-07-01 12:25:55,237 INFO o.a.j.u.JMeterUtils: Setting Locale to en_IN
2024-07-01 12:25:55,315 INFO o.a.j.JMeter: Loading user properties from: user.properties
2024-07-01 12:25:55,317 INFO o.a.j.JMeter: Loading system properties from: system.properties
2024-07-01 12:25:55,341 INFO o.a.j.JMeter: Copyright (c) 1998-2024 The Apache Software Foundation
2024-07-01 12:25:55,342 INFO o.a.j.JMeter: Version 5.6.3
2024-07-01 12:25:55,342 INFO o.a.j.JMeter: java.version=21.0.3
2024-07-01 12:25:55,342 INFO o.a.j.JMeter: java.vm.name=Java HotSpot(TM) 64-Bit Server VM
2024-07-01 12:25:55,342 INFO o.a.j.JMeter: os.name=Windows 10
2024-07-01 12:25:55,342 INFO o.a.j.JMeter: os.arch=amd64
2024-07-01 12:25:55,343 INFO o.a.j.JMeter: os.version=10.0
2024-07-01 12:25:55,343 INFO o.a.j.JMeter: file.encoding=UTF-8
2024-07-01 12:25:55,343 INFO o.a.j.JMeter: java.awt.headless=null
2024-07-01 12:25:55,344 INFO o.a.j.JMeter: Max memory     =1855979520
2024-07-01 12:25:55,344 INFO o.a.j.JMeter: Available Processors =4
2024-07-01 12:25:55,380 INFO o.a.j.JMeter: Default Locale=English (India)
2024-07-01 12:25:55,381 INFO o.a.j.JMeter: JMeter  Locale=English (India)
2024-07-01 12:25:55,381 INFO o.a.j.JMeter: JMeterHome=C:\Users\Sagar S J\Downloads\apache-jmeter-5.6.3 (1)\apache-jmeter-5.6.3
2024-07-01 12:25:55,382 INFO o.a.j.JMeter: user.dir  =C:\Users\Sagar S J\Downloads\apache-jmeter-5.6.3 (1)\apache-jmeter-5.6.3\bin
2024-07-01 12:25:55,384 INFO o.a.j.JMeter: PWD       =C:\Users\Sagar S J\Downloads\apache-jmeter-5.6.3 (1)\apache-jmeter-5.6.3\bin
2024-07-01 12:25:55,387 INFO o.a.j.JMeter: IP: 192.168.137.1 Name: LAPTOP-IKGKS4OK FullName: LAPTOP-IKGKS4OK.mshome.net
2024-07-01 12:25:55,440 INFO o.a.j.JMeter: Loaded icon properties from org/apache/jmeter/images/icon.properties
2024-07-01 12:25:56,249 INFO o.a.j.JMeterGuiLauncher: Setting LAF to: laf:com.sun.java.swing.plaf.windows.WindowsLookAndFeel
2024-07-01 12:26:20,898 INFO o.a.j.s.FileServer: Default base='C:\Users\Sagar S J\Downloads\apache-jmeter-5.6.3 (1)\apache-jmeter-5.6.3\bin'
2024-07-01 12:26:20,906 INFO o.a.j.g.a.Load: Loading file: C:\Users\Sagar S J\Downloads\DemoTestPlan.jmx
2024-07-01 12:26:20,907 INFO o.a.j.s.FileServer: Set new base='C:\Users\Sagar S J\Downloads'
2024-07-01 12:26:21,884 INFO o.a.j.s.SaveService: Testplan (JMX) version: 2.2. Testlog (JTL) version: 2.2
2024-07-01 12:26:22,049 INFO o.a.j.s.SaveService: Using SaveService properties version 5.0
2024-07-01 12:26:22,056 INFO o.a.j.s.SaveService: Using SaveService properties file encoding UTF-8
2024-07-01 12:26:22,062 INFO o.a.j.s.SaveService: Loading file: C:\Users\Sagar S J\Downloads\DemoTestPlan.jmx
2024-07-01 12:26:22,180 INFO o.a.j.p.h.c.CookieManager: Settings: Delete null: true Check: true Allow variable: true Save: false Prefix: COOKIE_
2024-07-01 12:26:22,188 INFO o.a.j.p.h.c.CacheManager: Will only cache the following methods: [GET]
2024-07-01 12:26:22,224 INFO o.a.j.p.h.s.HTTPSamplerBase: Parser for text/html is org.apache.jmeter.protocol.http.parser.LagartoBasedHtmlParser
2024-07-01 12:26:22,224 INFO o.a.j.p.h.s.HTTPSamplerBase: Parser for application/xhtml+xml is org.apache.jmeter.protocol.http.parser.LagartoBasedHtmlParser
2024-07-01 12:26:22,225 INFO o.a.j.p.h.s.HTTPSamplerBase: Parser for application/xml is org.apache.jmeter.protocol.http.parser.LagartoBasedHtmlParser
2024-07-01 12:26:22,225 INFO o.a.j.p.h.s.HTTPSamplerBase: Parser for text/xml is org.apache.jmeter.protocol.http.parser.LagartoBasedHtmlParser
2024-07-01 12:26:22,225 INFO o.a.j.p.h.s.HTTPSamplerBase: Parser for text/vnd.wap.wml is org.apache.jmeter.protocol.http.parser.RegexpHTMLParser
2024-07-01 12:26:22,225 INFO o.a.j.p.h.s.HTTPSamplerBase: Parser for text/css is org.apache.jmeter.protocol.http.parser.CssParser
2024-07-01 12:26:23,476 INFO o.a.j.s.SampleResult: Note: Sample TimeStamps are START times
2024-07-01 12:26:23,477 INFO o.a.j.s.SampleResult: sampleresult.default.encoding is set to UTF-8
2024-07-01 12:26:23,477 INFO o.a.j.s.SampleResult: sampleresult.useNanoTime=true
2024-07-01 12:26:23,477 INFO o.a.j.s.SampleResult: sampleresult.nanoThreadSleep=5000
2024-07-01 12:26:23,948 INFO o.a.j.s.FileServer: Set new base='C:\Users\Sagar S J\Downloads'
2024-07-01 12:29:16,077 ERROR o.a.j.JMeter: Uncaught exception in thread Thread[#33,AWT-EventQueue-0,6,main]
java.lang.NullPointerException: Cannot invoke "java.awt.Image.getWidth(java.awt.image.ImageObserver)" because "retVal" is null
	at java.desktop/sun.awt.shell.Win32ShellFolder2$MultiResolutionIconImage.getResolutionVariant(Win32ShellFolder2.java:1459) ~[?:?]
	at java.desktop/sun.awt.shell.Win32ShellFolder2$MultiResolutionIconImage.getBaseImage(Win32ShellFolder2.java:1438) ~[?:?]
	at java.desktop/java.awt.image.AbstractMultiResolutionImage.getProperty(AbstractMultiResolutionImage.java:140) ~[?:?]
	at java.desktop/javax.swing.ImageIcon.<init>(ImageIcon.java:255) ~[?:?]
	at java.desktop/javax.swing.ImageIcon.<init>(ImageIcon.java:241) ~[?:?]
	at java.desktop/javax.swing.filechooser.FileSystemView.getSystemIcon(FileSystemView.java:252) ~[?:?]
	at java.desktop/com.sun.java.swing.plaf.windows.WindowsFileChooserUI$WindowsFileView.getIcon(WindowsFileChooserUI.java:1352) ~[?:?]
	at java.desktop/javax.swing.JFileChooser.getIcon(JFileChooser.java:1613) ~[?:?]
	at java.desktop/sun.swing.FilePane$FileRenderer.getListCellRendererComponent(FilePane.java:1635) ~[?:?]
	at java.desktop/javax.swing.plaf.basic.BasicListUI.updateLayoutState(BasicListUI.java:1444) ~[?:?]
	at java.desktop/javax.swing.plaf.basic.BasicListUI.maybeUpdateLayoutState(BasicListUI.java:1394) ~[?:?]
	at java.desktop/javax.swing.plaf.basic.BasicListUI.getPreferredSize(BasicListUI.java:653) ~[?:?]
	at java.desktop/javax.swing.JComponent.getPreferredSize(JComponent.java:1734) ~[?:?]
	at java.desktop/javax.swing.ScrollPaneLayout.layoutContainer(ScrollPaneLayout.java:799) ~[?:?]
	at java.desktop/java.awt.Container.layout(Container.java:1541) ~[?:?]
	at java.desktop/java.awt.Container.doLayout(Container.java:1530) ~[?:?]
	at java.desktop/java.awt.Container.validateTree(Container.java:1725) ~[?:?]
	at java.desktop/java.awt.Container.validate(Container.java:1660) ~[?:?]
	at java.desktop/javax.swing.RepaintManager$3.run(RepaintManager.java:757) ~[?:?]
	at java.desktop/javax.swing.RepaintManager$3.run(RepaintManager.java:755) ~[?:?]
	at java.base/java.security.AccessController.doPrivileged(AccessController.java:400) ~[?:?]
	at java.base/java.security.ProtectionDomain$JavaSecurityAccessImpl.doIntersectionPrivilege(ProtectionDomain.java:87) ~[?:?]
	at java.desktop/javax.swing.RepaintManager.validateInvalidComponents(RepaintManager.java:754) ~[?:?]
	at java.desktop/javax.swing.RepaintManager$ProcessingRunnable.run(RepaintManager.java:1896) ~[?:?]
	at java.desktop/java.awt.event.InvocationEvent.dispatch(InvocationEvent.java:318) [?:?]
	at java.desktop/java.awt.EventQueue.dispatchEventImpl(EventQueue.java:773) [?:?]
	at java.desktop/java.awt.EventQueue$4.run(EventQueue.java:720) [?:?]
	at java.desktop/java.awt.EventQueue$4.run(EventQueue.java:714) [?:?]
	at java.base/java.security.AccessController.doPrivileged(AccessController.java:400) ~[?:?]
	at java.base/java.security.ProtectionDomain$JavaSecurityAccessImpl.doIntersectionPrivilege(ProtectionDomain.java:87) ~[?:?]
	at java.desktop/java.awt.EventQueue.dispatchEvent(EventQueue.java:742) ~[?:?]
	at java.desktop/java.awt.EventDispatchThread.pumpOneEventForFilters(EventDispatchThread.java:203) ~[?:?]
	at java.desktop/java.awt.EventDispatchThread.pumpEventsForFilter(EventDispatchThread.java:124) ~[?:?]
	at java.desktop/java.awt.EventDispatchThread.pumpEventsForFilter(EventDispatchThread.java:117) ~[?:?]
	at java.desktop/java.awt.WaitDispatchSupport$2.run(WaitDispatchSupport.java:191) ~[?:?]
	at java.desktop/java.awt.WaitDispatchSupport$4.run(WaitDispatchSupport.java:236) ~[?:?]
	at java.desktop/java.awt.WaitDispatchSupport$4.run(WaitDispatchSupport.java:234) ~[?:?]
	at java.base/java.security.AccessController.doPrivileged(AccessController.java:319) [?:?]
	at java.desktop/java.awt.WaitDispatchSupport.enter(WaitDispatchSupport.java:234) ~[?:?]
	at java.desktop/java.awt.Dialog.show(Dialog.java:1079) ~[?:?]
	at java.desktop/javax.swing.JFileChooser.showDialog(JFileChooser.java:771) ~[?:?]
	at java.desktop/javax.swing.JFileChooser.showSaveDialog(JFileChooser.java:693) ~[?:?]
	at org.apache.jmeter.gui.util.FileDialoger.promptToSaveFile(FileDialoger.java:279) ~[ApacheJMeter_core.jar:5.6.3]
	at org.apache.jmeter.gui.util.FileDialoger.promptToSaveFile(FileDialoger.java:243) ~[ApacheJMeter_core.jar:5.6.3]
	at org.apache.jmeter.gui.action.Save.computeFileName(Save.java:204) ~[ApacheJMeter_core.jar:5.6.3]
	at org.apache.jmeter.gui.action.Save.doAction(Save.java:166) ~[ApacheJMeter_core.jar:5.6.3]
	at org.apache.jmeter.gui.action.ActionRouter.performAction(ActionRouter.java:83) ~[ApacheJMeter_core.jar:5.6.3]
	at org.apache.jmeter.gui.action.ActionRouter.lambda$actionPerformed$0(ActionRouter.java:65) ~[ApacheJMeter_core.jar:5.6.3]
	at java.desktop/java.awt.event.InvocationEvent.dispatch(InvocationEvent.java:318) ~[?:?]
	at java.desktop/java.awt.EventQueue.dispatchEventImpl(EventQueue.java:773) ~[?:?]
	at java.desktop/java.awt.EventQueue$4.run(EventQueue.java:720) ~[?:?]
	at java.desktop/java.awt.EventQueue$4.run(EventQueue.java:714) ~[?:?]
	at java.base/java.security.AccessController.doPrivileged(AccessController.java:400) [?:?]
	at java.base/java.security.ProtectionDomain$JavaSecurityAccessImpl.doIntersectionPrivilege(ProtectionDomain.java:87) [?:?]
	at java.desktop/java.awt.EventQueue.dispatchEvent(EventQueue.java:742) [?:?]
	at java.desktop/java.awt.EventDispatchThread.pumpOneEventForFilters(EventDispatchThread.java:203) [?:?]
	at java.desktop/java.awt.EventDispatchThread.pumpEventsForFilter(EventDispatchThread.java:124) [?:?]
	at java.desktop/java.awt.EventDispatchThread.pumpEventsForHierarchy(EventDispatchThread.java:113) [?:?]
	at java.desktop/java.awt.EventDispatchThread.pumpEvents(EventDispatchThread.java:109) [?:?]
	at java.desktop/java.awt.EventDispatchThread.pumpEvents(EventDispatchThread.java:101) [?:?]
	at java.desktop/java.awt.EventDispatchThread.run(EventDispatchThread.java:90) [?:?]
2024-07-01 12:29:22,470 ERROR o.a.j.JMeter: Uncaught exception in thread Thread[#33,AWT-EventQueue-0,6,main]
java.lang.NullPointerException: Cannot invoke "java.awt.Image.getWidth(java.awt.image.ImageObserver)" because "retVal" is null
	at java.desktop/sun.awt.shell.Win32ShellFolder2$MultiResolutionIconImage.getResolutionVariant(Win32ShellFolder2.java:1459) ~[?:?]
	at java.desktop/sun.awt.shell.Win32ShellFolder2$MultiResolutionIconImage.getBaseImage(Win32ShellFolder2.java:1438) ~[?:?]
	at java.desktop/java.awt.image.AbstractMultiResolutionImage.getProperty(AbstractMultiResolutionImage.java:140) ~[?:?]
	at java.desktop/javax.swing.ImageIcon.<init>(ImageIcon.java:255) ~[?:?]
	at java.desktop/javax.swing.ImageIcon.<init>(ImageIcon.java:241) ~[?:?]
	at java.desktop/javax.swing.filechooser.FileSystemView.getSystemIcon(FileSystemView.java:252) ~[?:?]
	at java.desktop/com.sun.java.swing.plaf.windows.WindowsFileChooserUI$WindowsFileView.getIcon(WindowsFileChooserUI.java:1352) ~[?:?]
	at java.desktop/javax.swing.JFileChooser.getIcon(JFileChooser.java:1613) ~[?:?]
	at java.desktop/sun.swing.FilePane$FileRenderer.getListCellRendererComponent(FilePane.java:1635) ~[?:?]
	at java.desktop/javax.swing.plaf.basic.BasicListUI.updateLayoutState(BasicListUI.java:1444) ~[?:?]
	at java.desktop/javax.swing.plaf.basic.BasicListUI.maybeUpdateLayoutState(BasicListUI.java:1394) ~[?:?]
	at java.desktop/javax.swing.plaf.basic.BasicListUI.paintImpl(BasicListUI.java:330) ~[?:?]
	at java.desktop/javax.swing.plaf.basic.BasicListUI.paint(BasicListUI.java:306) ~[?:?]
	at java.desktop/javax.swing.plaf.ComponentUI.update(ComponentUI.java:161) ~[?:?]
	at java.desktop/javax.swing.JComponent.paintComponent(JComponent.java:852) ~[?:?]
	at java.desktop/javax.swing.JComponent.paint(JComponent.java:1128) ~[?:?]
	at java.desktop/javax.swing.JComponent.paintToOffscreen(JComponent.java:5318) ~[?:?]
	at java.desktop/javax.swing.RepaintManager$PaintManager.paintDoubleBufferedImpl(RepaintManager.java:1656) ~[?:?]
	at java.desktop/javax.swing.RepaintManager$PaintManager.paintDoubleBuffered(RepaintManager.java:1631) ~[?:?]
	at java.desktop/javax.swing.RepaintManager$PaintManager.paint(RepaintManager.java:1569) ~[?:?]
	at java.desktop/javax.swing.RepaintManager.paint(RepaintManager.java:1336) ~[?:?]
	at java.desktop/javax.swing.JComponent._paintImmediately(JComponent.java:5266) ~[?:?]
	at java.desktop/javax.swing.JComponent.paintImmediately(JComponent.java:5076) ~[?:?]
	at java.desktop/javax.swing.RepaintManager$4.run(RepaintManager.java:878) ~[?:?]
	at java.desktop/javax.swing.RepaintManager$4.run(RepaintManager.java:861) ~[?:?]
	at java.base/java.security.AccessController.doPrivileged(AccessController.java:400) ~[?:?]
	at java.base/java.security.ProtectionDomain$JavaSecurityAccessImpl.doIntersectionPrivilege(ProtectionDomain.java:87) ~[?:?]
	at java.desktop/javax.swing.RepaintManager.paintDirtyRegions(RepaintManager.java:861) ~[?:?]
	at java.desktop/javax.swing.RepaintManager.paintDirtyRegions(RepaintManager.java:834) ~[?:?]
	at java.desktop/javax.swing.RepaintManager.prePaintDirtyRegions(RepaintManager.java:784) ~[?:?]
	at java.desktop/javax.swing.RepaintManager$ProcessingRunnable.run(RepaintManager.java:1897) ~[?:?]
	at java.desktop/java.awt.event.InvocationEvent.dispatch(InvocationEvent.java:318) [?:?]
	at java.desktop/java.awt.EventQueue.dispatchEventImpl(EventQueue.java:773) [?:?]
	at java.desktop/java.awt.EventQueue$4.run(EventQueue.java:720) [?:?]
	at java.desktop/java.awt.EventQueue$4.run(EventQueue.java:714) [?:?]
	at java.base/java.security.AccessController.doPrivileged(AccessController.java:400) ~[?:?]
	at java.base/java.security.ProtectionDomain$JavaSecurityAccessImpl.doIntersectionPrivilege(ProtectionDomain.java:87) ~[?:?]
	at java.desktop/java.awt.EventQueue.dispatchEvent(EventQueue.java:742) ~[?:?]
	at java.desktop/java.awt.EventDispatchThread.pumpOneEventForFilters(EventDispatchThread.java:203) ~[?:?]
	at java.desktop/java.awt.EventDispatchThread.pumpEventsForFilter(EventDispatchThread.java:124) ~[?:?]
	at java.desktop/java.awt.EventDispatchThread.pumpEventsForFilter(EventDispatchThread.java:117) ~[?:?]
	at java.desktop/java.awt.WaitDispatchSupport$2.run(WaitDispatchSupport.java:191) ~[?:?]
	at java.desktop/java.awt.WaitDispatchSupport$4.run(WaitDispatchSupport.java:236) ~[?:?]
	at java.desktop/java.awt.WaitDispatchSupport$4.run(WaitDispatchSupport.java:234) ~[?:?]
	at java.base/java.security.AccessController.doPrivileged(AccessController.java:319) [?:?]
	at java.desktop/java.awt.WaitDispatchSupport.enter(WaitDispatchSupport.java:234) ~[?:?]
	at java.desktop/java.awt.Dialog.show(Dialog.java:1079) ~[?:?]
	at java.desktop/javax.swing.JFileChooser.showDialog(JFileChooser.java:771) ~[?:?]
	at java.desktop/javax.swing.JFileChooser.showSaveDialog(JFileChooser.java:693) ~[?:?]
	at org.apache.jmeter.gui.util.FileDialoger.promptToSaveFile(FileDialoger.java:279) ~[ApacheJMeter_core.jar:5.6.3]
	at org.apache.jmeter.gui.util.FileDialoger.promptToSaveFile(FileDialoger.java:243) ~[ApacheJMeter_core.jar:5.6.3]
	at org.apache.jmeter.gui.action.Save.computeFileName(Save.java:204) ~[ApacheJMeter_core.jar:5.6.3]
	at org.apache.jmeter.gui.action.Save.doAction(Save.java:166) ~[ApacheJMeter_core.jar:5.6.3]
	at org.apache.jmeter.gui.action.ActionRouter.performAction(ActionRouter.java:83) ~[ApacheJMeter_core.jar:5.6.3]
	at org.apache.jmeter.gui.action.ActionRouter.lambda$actionPerformed$0(ActionRouter.java:65) ~[ApacheJMeter_core.jar:5.6.3]
	at java.desktop/java.awt.event.InvocationEvent.dispatch(InvocationEvent.java:318) ~[?:?]
	at java.desktop/java.awt.EventQueue.dispatchEventImpl(EventQueue.java:773) ~[?:?]
	at java.desktop/java.awt.EventQueue$4.run(EventQueue.java:720) ~[?:?]
	at java.desktop/java.awt.EventQueue$4.run(EventQueue.java:714) ~[?:?]
	at java.base/java.security.AccessController.doPrivileged(AccessController.java:400) [?:?]
	at java.base/java.security.ProtectionDomain$JavaSecurityAccessImpl.doIntersectionPrivilege(ProtectionDomain.java:87) [?:?]
	at java.desktop/java.awt.EventQueue.dispatchEvent(EventQueue.java:742) [?:?]
	at java.desktop/java.awt.EventDispatchThread.pumpOneEventForFilters(EventDispatchThread.java:203) [?:?]
	at java.desktop/java.awt.EventDispatchThread.pumpEventsForFilter(EventDispatchThread.java:124) [?:?]
	at java.desktop/java.awt.EventDispatchThread.pumpEventsForHierarchy(EventDispatchThread.java:113) [?:?]
	at java.desktop/java.awt.EventDispatchThread.pumpEvents(EventDispatchThread.java:109) [?:?]
	at java.desktop/java.awt.EventDispatchThread.pumpEvents(EventDispatchThread.java:101) [?:?]
	at java.desktop/java.awt.EventDispatchThread.run(EventDispatchThread.java:90) [?:?]
2024-07-01 14:23:51,094 ERROR o.a.j.JMeter: Uncaught exception in thread Thread[#33,AWT-EventQueue-0,6,main]
java.lang.NullPointerException: Cannot invoke "java.awt.Image.getWidth(java.awt.image.ImageObserver)" because "retVal" is null
	at java.desktop/sun.awt.shell.Win32ShellFolder2$MultiResolutionIconImage.getResolutionVariant(Win32ShellFolder2.java:1459) ~[?:?]
	at java.desktop/sun.awt.shell.Win32ShellFolder2$MultiResolutionIconImage.getBaseImage(Win32ShellFolder2.java:1438) ~[?:?]
	at java.desktop/java.awt.image.AbstractMultiResolutionImage.getProperty(AbstractMultiResolutionImage.java:140) ~[?:?]
	at java.desktop/javax.swing.ImageIcon.<init>(ImageIcon.java:255) ~[?:?]
	at java.desktop/javax.swing.ImageIcon.<init>(ImageIcon.java:241) ~[?:?]
	at java.desktop/javax.swing.filechooser.FileSystemView.getSystemIcon(FileSystemView.java:252) ~[?:?]
	at java.desktop/com.sun.java.swing.plaf.windows.WindowsFileChooserUI$WindowsFileView.getIcon(WindowsFileChooserUI.java:1352) ~[?:?]
	at java.desktop/javax.swing.JFileChooser.getIcon(JFileChooser.java:1613) ~[?:?]
	at java.desktop/sun.swing.FilePane$FileRenderer.getListCellRendererComponent(FilePane.java:1635) ~[?:?]
	at java.desktop/javax.swing.plaf.basic.BasicListUI.updateLayoutState(BasicListUI.java:1444) ~[?:?]
	at java.desktop/javax.swing.plaf.basic.BasicListUI.maybeUpdateLayoutState(BasicListUI.java:1394) ~[?:?]
	at java.desktop/javax.swing.plaf.basic.BasicListUI.paintImpl(BasicListUI.java:330) ~[?:?]
	at java.desktop/javax.swing.plaf.basic.BasicListUI.paint(BasicListUI.java:306) ~[?:?]
	at java.desktop/javax.swing.plaf.ComponentUI.update(ComponentUI.java:161) ~[?:?]
	at java.desktop/javax.swing.JComponent.paintComponent(JComponent.java:852) ~[?:?]
	at java.desktop/javax.swing.JComponent.paint(JComponent.java:1128) ~[?:?]
	at java.desktop/javax.swing.JComponent.paintChildren(JComponent.java:961) ~[?:?]
	at java.desktop/javax.swing.JComponent.paint(JComponent.java:1137) ~[?:?]
	at java.desktop/javax.swing.JViewport.paint(JViewport.java:736) ~[?:?]
	at java.desktop/javax.swing.JComponent.paintChildren(JComponent.java:961) ~[?:?]
	at java.desktop/javax.swing.JComponent.paint(JComponent.java:1137) ~[?:?]
	at java.desktop/javax.swing.JComponent.paintChildren(JComponent.java:961) ~[?:?]
	at java.desktop/javax.swing.JComponent.paint(JComponent.java:1137) ~[?:?]
	at java.desktop/javax.swing.JComponent.paintChildren(JComponent.java:961) ~[?:?]
	at java.desktop/javax.swing.JComponent.paint(JComponent.java:1137) ~[?:?]
	at java.desktop/javax.swing.JComponent.paintChildren(JComponent.java:961) ~[?:?]
	at java.desktop/javax.swing.JComponent.paint(JComponent.java:1137) ~[?:?]
	at java.desktop/javax.swing.JComponent.paintChildren(JComponent.java:961) ~[?:?]
	at java.desktop/javax.swing.JComponent.paint(JComponent.java:1137) ~[?:?]
	at java.desktop/javax.swing.JComponent.paintChildren(JComponent.java:961) ~[?:?]
	at java.desktop/javax.swing.JComponent.paint(JComponent.java:1137) ~[?:?]
	at java.desktop/javax.swing.JComponent.paintChildren(JComponent.java:961) ~[?:?]
	at java.desktop/javax.swing.JComponent.paint(JComponent.java:1137) ~[?:?]
	at java.desktop/javax.swing.JLayeredPane.paint(JLayeredPane.java:586) ~[?:?]
	at java.desktop/javax.swing.JComponent.paintChildren(JComponent.java:961) ~[?:?]
	at java.desktop/javax.swing.JComponent.paintToOffscreen(JComponent.java:5325) ~[?:?]
	at java.desktop/javax.swing.RepaintManager$PaintManager.paintDoubleBufferedImpl(RepaintManager.java:1656) ~[?:?]
	at java.desktop/javax.swing.RepaintManager$PaintManager.paintDoubleBuffered(RepaintManager.java:1631) ~[?:?]
	at java.desktop/javax.swing.RepaintManager$PaintManager.paint(RepaintManager.java:1569) ~[?:?]
	at java.desktop/javax.swing.RepaintManager.paint(RepaintManager.java:1336) ~[?:?]
	at java.desktop/javax.swing.JComponent.paint(JComponent.java:1114) ~[?:?]
	at java.desktop/java.awt.GraphicsCallback$PaintCallback.run(GraphicsCallback.java:39) ~[?:?]
	at java.desktop/sun.awt.SunGraphicsCallback.runOneComponent(SunGraphicsCallback.java:75) ~[?:?]
	at java.desktop/sun.awt.SunGraphicsCallback.runComponents(SunGraphicsCallback.java:112) ~[?:?]
	at java.desktop/java.awt.Container.paint(Container.java:2005) ~[?:?]
	at java.desktop/java.awt.Window.paint(Window.java:3959) ~[?:?]
	at java.desktop/javax.swing.RepaintManager$4.run(RepaintManager.java:889) ~[?:?]
	at java.desktop/javax.swing.RepaintManager$4.run(RepaintManager.java:861) ~[?:?]
	at java.base/java.security.AccessController.doPrivileged(AccessController.java:400) ~[?:?]
	at java.base/java.security.ProtectionDomain$JavaSecurityAccessImpl.doIntersectionPrivilege(ProtectionDomain.java:87) ~[?:?]
	at java.desktop/javax.swing.RepaintManager.paintDirtyRegions(RepaintManager.java:861) ~[?:?]
	at java.desktop/javax.swing.RepaintManager.paintDirtyRegions(RepaintManager.java:834) ~[?:?]
	at java.desktop/javax.swing.RepaintManager.prePaintDirtyRegions(RepaintManager.java:784) ~[?:?]
	at java.desktop/javax.swing.RepaintManager$ProcessingRunnable.run(RepaintManager.java:1897) ~[?:?]
	at java.desktop/java.awt.event.InvocationEvent.dispatch(InvocationEvent.java:318) [?:?]
	at java.desktop/java.awt.EventQueue.dispatchEventImpl(EventQueue.java:773) [?:?]
	at java.desktop/java.awt.EventQueue$4.run(EventQueue.java:720) [?:?]
	at java.desktop/java.awt.EventQueue$4.run(EventQueue.java:714) [?:?]
	at java.base/java.security.AccessController.doPrivileged(AccessController.java:400) ~[?:?]
	at java.base/java.security.ProtectionDomain$JavaSecurityAccessImpl.doIntersectionPrivilege(ProtectionDomain.java:87) ~[?:?]
	at java.desktop/java.awt.EventQueue.dispatchEvent(EventQueue.java:742) ~[?:?]
	at java.desktop/java.awt.EventDispatchThread.pumpOneEventForFilters(EventDispatchThread.java:203) ~[?:?]
	at java.desktop/java.awt.EventDispatchThread.pumpEventsForFilter(EventDispatchThread.java:124) ~[?:?]
	at java.desktop/java.awt.EventDispatchThread.pumpEventsForFilter(EventDispatchThread.java:117) ~[?:?]
	at java.desktop/java.awt.WaitDispatchSupport$2.run(WaitDispatchSupport.java:191) ~[?:?]
	at java.desktop/java.awt.WaitDispatchSupport$4.run(WaitDispatchSupport.java:236) ~[?:?]
	at java.desktop/java.awt.WaitDispatchSupport$4.run(WaitDispatchSupport.java:234) ~[?:?]
	at java.base/java.security.AccessController.doPrivileged(AccessController.java:319) [?:?]
	at java.desktop/java.awt.WaitDispatchSupport.enter(WaitDispatchSupport.java:234) ~[?:?]
	at java.desktop/java.awt.Dialog.show(Dialog.java:1079) ~[?:?]
	at java.desktop/javax.swing.JFileChooser.showDialog(JFileChooser.java:771) ~[?:?]
	at java.desktop/javax.swing.JFileChooser.showSaveDialog(JFileChooser.java:693) ~[?:?]
	at org.apache.jmeter.gui.util.FileDialoger.promptToSaveFile(FileDialoger.java:279) ~[ApacheJMeter_core.jar:5.6.3]
	at org.apache.jmeter.gui.util.FileDialoger.promptToSaveFile(FileDialoger.java:243) ~[ApacheJMeter_core.jar:5.6.3]
	at org.apache.jmeter.gui.action.Save.computeFileName(Save.java:204) ~[ApacheJMeter_core.jar:5.6.3]
	at org.apache.jmeter.gui.action.Save.doAction(Save.java:166) ~[ApacheJMeter_core.jar:5.6.3]
	at org.apache.jmeter.gui.action.ActionRouter.performAction(ActionRouter.java:83) ~[ApacheJMeter_core.jar:5.6.3]
	at org.apache.jmeter.gui.action.ActionRouter.lambda$actionPerformed$0(ActionRouter.java:65) ~[ApacheJMeter_core.jar:5.6.3]
	at java.desktop/java.awt.event.InvocationEvent.dispatch(InvocationEvent.java:318) ~[?:?]
	at java.desktop/java.awt.EventQueue.dispatchEventImpl(EventQueue.java:773) ~[?:?]
	at java.desktop/java.awt.EventQueue$4.run(EventQueue.java:720) ~[?:?]
	at java.desktop/java.awt.EventQueue$4.run(EventQueue.java:714) ~[?:?]
	at java.base/java.security.AccessController.doPrivileged(AccessController.java:400) [?:?]
	at java.base/java.security.ProtectionDomain$JavaSecurityAccessImpl.doIntersectionPrivilege(ProtectionDomain.java:87) [?:?]
	at java.desktop/java.awt.EventQueue.dispatchEvent(EventQueue.java:742) [?:?]
	at java.desktop/java.awt.EventDispatchThread.pumpOneEventForFilters(EventDispatchThread.java:203) [?:?]
	at java.desktop/java.awt.EventDispatchThread.pumpEventsForFilter(EventDispatchThread.java:124) [?:?]
	at java.desktop/java.awt.EventDispatchThread.pumpEventsForHierarchy(EventDispatchThread.java:113) [?:?]
	at java.desktop/java.awt.EventDispatchThread.pumpEvents(EventDispatchThread.java:109) [?:?]
	at java.desktop/java.awt.EventDispatchThread.pumpEvents(EventDispatchThread.java:101) [?:?]
	at java.desktop/java.awt.EventDispatchThread.run(EventDispatchThread.java:90) [?:?]
2024-07-01 14:29:25,262 ERROR o.a.j.JMeter: Uncaught exception in thread Thread[#33,AWT-EventQueue-0,6,main]
java.lang.NullPointerException: Cannot invoke "java.awt.Image.getWidth(java.awt.image.ImageObserver)" because "retVal" is null
	at java.desktop/sun.awt.shell.Win32ShellFolder2$MultiResolutionIconImage.getResolutionVariant(Win32ShellFolder2.java:1459) ~[?:?]
	at java.desktop/sun.awt.shell.Win32ShellFolder2$MultiResolutionIconImage.getBaseImage(Win32ShellFolder2.java:1438) ~[?:?]
	at java.desktop/java.awt.image.AbstractMultiResolutionImage.getProperty(AbstractMultiResolutionImage.java:140) ~[?:?]
	at java.desktop/javax.swing.ImageIcon.<init>(ImageIcon.java:255) ~[?:?]
	at java.desktop/javax.swing.ImageIcon.<init>(ImageIcon.java:241) ~[?:?]
	at java.desktop/javax.swing.filechooser.FileSystemView.getSystemIcon(FileSystemView.java:252) ~[?:?]
	at java.desktop/com.sun.java.swing.plaf.windows.WindowsFileChooserUI$WindowsFileView.getIcon(WindowsFileChooserUI.java:1352) ~[?:?]
	at java.desktop/javax.swing.JFileChooser.getIcon(JFileChooser.java:1613) ~[?:?]
	at java.desktop/sun.swing.FilePane$FileRenderer.getListCellRendererComponent(FilePane.java:1635) ~[?:?]
	at java.desktop/javax.swing.plaf.basic.BasicListUI.updateLayoutState(BasicListUI.java:1444) ~[?:?]
	at java.desktop/javax.swing.plaf.basic.BasicListUI.maybeUpdateLayoutState(BasicListUI.java:1394) ~[?:?]
	at java.desktop/javax.swing.plaf.basic.BasicListUI.paintImpl(BasicListUI.java:330) ~[?:?]
	at java.desktop/javax.swing.plaf.basic.BasicListUI.paint(BasicListUI.java:306) ~[?:?]
	at java.desktop/javax.swing.plaf.ComponentUI.update(ComponentUI.java:161) ~[?:?]
	at java.desktop/javax.swing.JComponent.paintComponent(JComponent.java:852) ~[?:?]
	at java.desktop/javax.swing.JComponent.paint(JComponent.java:1128) ~[?:?]
	at java.desktop/javax.swing.JComponent.paintChildren(JComponent.java:961) ~[?:?]
	at java.desktop/javax.swing.JComponent.paint(JComponent.java:1137) ~[?:?]
	at java.desktop/javax.swing.JViewport.paint(JViewport.java:736) ~[?:?]
	at java.desktop/javax.swing.JComponent.paintChildren(JComponent.java:961) ~[?:?]
	at java.desktop/javax.swing.JComponent.paint(JComponent.java:1137) ~[?:?]
	at java.desktop/javax.swing.JComponent.paintChildren(JComponent.java:961) ~[?:?]
	at java.desktop/javax.swing.JComponent.paint(JComponent.java:1137) ~[?:?]
	at java.desktop/javax.swing.JComponent.paintChildren(JComponent.java:961) ~[?:?]
	at java.desktop/javax.swing.JComponent.paint(JComponent.java:1137) ~[?:?]
	at java.desktop/javax.swing.JComponent.paintChildren(JComponent.java:961) ~[?:?]
	at java.desktop/javax.swing.JComponent.paint(JComponent.java:1137) ~[?:?]
	at java.desktop/javax.swing.JComponent.paintChildren(JComponent.java:961) ~[?:?]
	at java.desktop/javax.swing.JComponent.paint(JComponent.java:1137) ~[?:?]
	at java.desktop/javax.swing.JComponent.paintChildren(JComponent.java:961) ~[?:?]
	at java.desktop/javax.swing.JComponent.paint(JComponent.java:1137) ~[?:?]
	at java.desktop/javax.swing.JComponent.paintChildren(JComponent.java:961) ~[?:?]
	at java.desktop/javax.swing.JComponent.paint(JComponent.java:1137) ~[?:?]
	at java.desktop/javax.swing.JLayeredPane.paint(JLayeredPane.java:586) ~[?:?]
	at java.desktop/javax.swing.JComponent.paintChildren(JComponent.java:961) ~[?:?]
	at java.desktop/javax.swing.JComponent.paintToOffscreen(JComponent.java:5325) ~[?:?]
	at java.desktop/javax.swing.RepaintManager$PaintManager.paintDoubleBufferedImpl(RepaintManager.java:1656) ~[?:?]
	at java.desktop/javax.swing.RepaintManager$PaintManager.paintDoubleBuffered(RepaintManager.java:1631) ~[?:?]
	at java.desktop/javax.swing.RepaintManager$PaintManager.paint(RepaintManager.java:1569) ~[?:?]
	at java.desktop/javax.swing.RepaintManager.paint(RepaintManager.java:1336) ~[?:?]
	at java.desktop/javax.swing.JComponent.paint(JComponent.java:1114) ~[?:?]
	at java.desktop/java.awt.GraphicsCallback$PaintCallback.run(GraphicsCallback.java:39) ~[?:?]
	at java.desktop/sun.awt.SunGraphicsCallback.runOneComponent(SunGraphicsCallback.java:75) ~[?:?]
	at java.desktop/sun.awt.SunGraphicsCallback.runComponents(SunGraphicsCallback.java:112) ~[?:?]
	at java.desktop/java.awt.Container.paint(Container.java:2005) ~[?:?]
	at java.desktop/java.awt.Window.paint(Window.java:3959) ~[?:?]
	at java.desktop/javax.swing.RepaintManager$4.run(RepaintManager.java:889) ~[?:?]
	at java.desktop/javax.swing.RepaintManager$4.run(RepaintManager.java:861) ~[?:?]
	at java.base/java.security.AccessController.doPrivileged(AccessController.java:400) ~[?:?]
	at java.base/java.security.ProtectionDomain$JavaSecurityAccessImpl.doIntersectionPrivilege(ProtectionDomain.java:87) ~[?:?]
	at java.desktop/javax.swing.RepaintManager.paintDirtyRegions(RepaintManager.java:861) ~[?:?]
	at java.desktop/javax.swing.RepaintManager.paintDirtyRegions(RepaintManager.java:834) ~[?:?]
	at java.desktop/javax.swing.RepaintManager.prePaintDirtyRegions(RepaintManager.java:784) ~[?:?]
	at java.desktop/javax.swing.RepaintManager$ProcessingRunnable.run(RepaintManager.java:1897) ~[?:?]
	at java.desktop/java.awt.event.InvocationEvent.dispatch(InvocationEvent.java:318) [?:?]
	at java.desktop/java.awt.EventQueue.dispatchEventImpl(EventQueue.java:773) [?:?]
	at java.desktop/java.awt.EventQueue$4.run(EventQueue.java:720) [?:?]
	at java.desktop/java.awt.EventQueue$4.run(EventQueue.java:714) [?:?]
	at java.base/java.security.AccessController.doPrivileged(AccessController.java:400) ~[?:?]
	at java.base/java.security.ProtectionDomain$JavaSecurityAccessImpl.doIntersectionPrivilege(ProtectionDomain.java:87) ~[?:?]
	at java.desktop/java.awt.EventQueue.dispatchEvent(EventQueue.java:742) ~[?:?]
	at java.desktop/java.awt.EventDispatchThread.pumpOneEventForFilters(EventDispatchThread.java:203) ~[?:?]
	at java.desktop/java.awt.EventDispatchThread.pumpEventsForFilter(EventDispatchThread.java:124) ~[?:?]
	at java.desktop/java.awt.EventDispatchThread.pumpEventsForFilter(EventDispatchThread.java:117) ~[?:?]
	at java.desktop/java.awt.WaitDispatchSupport$2.run(WaitDispatchSupport.java:191) ~[?:?]
	at java.desktop/java.awt.WaitDispatchSupport$4.run(WaitDispatchSupport.java:236) ~[?:?]
	at java.desktop/java.awt.WaitDispatchSupport$4.run(WaitDispatchSupport.java:234) ~[?:?]
	at java.base/java.security.AccessController.doPrivileged(AccessController.java:319) [?:?]
	at java.desktop/java.awt.WaitDispatchSupport.enter(WaitDispatchSupport.java:234) ~[?:?]
	at java.desktop/java.awt.Dialog.show(Dialog.java:1079) ~[?:?]
	at java.desktop/javax.swing.JFileChooser.showDialog(JFileChooser.java:771) ~[?:?]
	at java.desktop/javax.swing.JFileChooser.showSaveDialog(JFileChooser.java:693) ~[?:?]
	at org.apache.jmeter.gui.util.FileDialoger.promptToSaveFile(FileDialoger.java:279) ~[ApacheJMeter_core.jar:5.6.3]
	at org.apache.jmeter.gui.util.FileDialoger.promptToSaveFile(FileDialoger.java:243) ~[ApacheJMeter_core.jar:5.6.3]
	at org.apache.jmeter.gui.action.Save.computeFileName(Save.java:204) ~[ApacheJMeter_core.jar:5.6.3]
	at org.apache.jmeter.gui.action.Save.doAction(Save.java:166) ~[ApacheJMeter_core.jar:5.6.3]
	at org.apache.jmeter.gui.action.ActionRouter.performAction(ActionRouter.java:83) ~[ApacheJMeter_core.jar:5.6.3]
	at org.apache.jmeter.gui.action.ActionRouter.lambda$actionPerformed$0(ActionRouter.java:65) ~[ApacheJMeter_core.jar:5.6.3]
	at java.desktop/java.awt.event.InvocationEvent.dispatch(InvocationEvent.java:318) ~[?:?]
	at java.desktop/java.awt.EventQueue.dispatchEventImpl(EventQueue.java:773) ~[?:?]
	at java.desktop/java.awt.EventQueue$4.run(EventQueue.java:720) ~[?:?]
	at java.desktop/java.awt.EventQueue$4.run(EventQueue.java:714) ~[?:?]
	at java.base/java.security.AccessController.doPrivileged(AccessController.java:400) [?:?]
	at java.base/java.security.ProtectionDomain$JavaSecurityAccessImpl.doIntersectionPrivilege(ProtectionDomain.java:87) [?:?]
	at java.desktop/java.awt.EventQueue.dispatchEvent(EventQueue.java:742) [?:?]
	at java.desktop/java.awt.EventDispatchThread.pumpOneEventForFilters(EventDispatchThread.java:203) [?:?]
	at java.desktop/java.awt.EventDispatchThread.pumpEventsForFilter(EventDispatchThread.java:124) [?:?]
	at java.desktop/java.awt.EventDispatchThread.pumpEventsForHierarchy(EventDispatchThread.java:113) [?:?]
	at java.desktop/java.awt.EventDispatchThread.pumpEvents(EventDispatchThread.java:109) [?:?]
	at java.desktop/java.awt.EventDispatchThread.pumpEvents(EventDispatchThread.java:101) [?:?]
	at java.desktop/java.awt.EventDispatchThread.run(EventDispatchThread.java:90) [?:?]
